<?xml version="1.0" encoding="UTF-8"?>
<!-- Generated by org.testng.reporters.JUnitReportReporter -->
<testsuite skipped="0" hostname="Lenovo-PC" name="testCases.CreateAccPageTest" tests="1" failures="0" timestamp="14 Dec 2017 17:54:02 GMT" time="1.255" errors="0">
  <testcase name="test_verifyPasswordLength" time="1.255" classname="testCases.CreateAccPageTest"/>
</testsuite> <!-- testCases.CreateAccPageTest -->
