<?xml version="1.0" encoding="UTF-8"?>
<!-- Generated by org.testng.reporters.JUnitReportReporter -->
<testsuite skipped="0" hostname="Lenovo-PC" name="testCases.LoginPageTest" tests="5" failures="0" timestamp="08 Jan 2018 04:26:40 GMT" time="21.191" errors="0">
  <testcase name="test_Successful_login" time="4.335" classname="testCases.LoginPageTest"/>
  <testcase name="test_Login_withOut_password" time="8.874" classname="testCases.LoginPageTest"/>
  <testcase name="test_Login_withOut_username" time="2.705" classname="testCases.LoginPageTest"/>
  <testcase name="test_Login_withOut_PasswrdAndUsername" time="2.456" classname="testCases.LoginPageTest"/>
  <testcase name="test_Login_invalid_password" time="2.821" classname="testCases.LoginPageTest"/>
</testsuite> <!-- testCases.LoginPageTest -->
